<?xml version="1.0" encoding="UTF-8"?>
<testsuite xmlns:xsi="http://www.w3.org/2001/XMLSchema-instance" xsi:noNamespaceSchemaLocation="https://maven.apache.org/surefire/maven-surefire-plugin/xsd/surefire-test-report.xsd" name="com.example.servingwebcontent.ServingWebContentApplicationTest" time="1.125" tests="3" errors="0" skipped="0" failures="0">
  <properties>
[...]
</properties>
  <testcase name="homePage" classname="com.example.servingwebcontent.ServingWebContentApplicationTest" time="0.21"/>
  <testcase name="greetingWithUser" classname="com.example.servingwebcontent.ServingWebContentApplicationTest" time="0.15"/>
  <testcase name="greeting" classname="com.example.servingwebcontent.ServingWebContentApplicationTest" time="0.002"/>
</testsuite>