<?xml version="1.0" encoding="UTF-8"?>
<testsuites name="TS-Devops-lab-tests" time="42.84" tests="1" failures="0" errors="0">
   <testsuite name="TS-Devops-lab-tests" tests="1" failures="0" errors="0" time="42.84" skipped="0" timestamp="30-03-2024T15:27:33" hostname="Nodroh - DESKTOP-3LCBT4O" id="Test Suites/TS-Devops-lab-tests">
      <properties>
[...]
</properties>
      <testcase name="Test Cases/First test case" time="41.932" classname="Test Cases/First test case" status="PASSED">
         <system-out><![CDATA[30-03-2024T15:27:34 - [TEST_CASE][PASSED] - Test Cases/First test case: Test Cases/First test case

30-03-2024T15:27:35 - [TEST_STEP][PASSED] - openBrowser(""): Browser is opened with url: ''

30-03-2024T15:27:36 - [MESSAGE][INFO] - User set preference: ['os', 'windows']

30-03-2024T15:27:36 - [MESSAGE][INFO] - User set preference: ['browserName', 'chrome']

30-03-2024T15:27:36 - [MESSAGE][INFO] - User set preference: ['browserVersion', '121']

30-03-2024T15:27:36 - [MESSAGE][INFO] - User set preference: ['katalon:option', '{organizationId=1439530, tunnelId=, usingTunnel=false}']

30-03-2024T15:27:36 - [MESSAGE][INFO] - Connecting to remote web server 'testcloud.katalon.com/hub' with type 'Selenium'

30-03-2024T15:27:37 - [MESSAGE][INFO] - Action delay is set to 0 milliseconds

30-03-2024T15:28:14 - [MESSAGE][PASSED] - Browser is opened with url: ''

30-03-2024T15:28:14 - [TEST_STEP][PASSED] - closeBrowser(): Browser is closed

30-03-2024T15:28:16 - [MESSAGE][PASSED] - Browser is closed]]></system-out>
         <system-err><![CDATA[]]></system-err>
      </testcase>
      <system-out><![CDATA[30-03-2024T15:27:33 - [TEST_SUITE][PASSED] - TS-Devops-lab-tests: Test Cases/First test case]]></system-out>
      <system-err><![CDATA[]]></system-err>
   </testsuite>
</testsuites>
